2022-10-31 00:02:56.044  INFO 23060 --- [AsyncResolver-bootstrap-executor-0] c.n.d.s.r.aws.ConfigClusterResolver      : Resolving eureka endpoints via configuration
2022-10-31 00:07:56.088  INFO 23060 --- [AsyncResolver-bootstrap-executor-0] c.n.d.s.r.aws.ConfigClusterResolver      : Resolving eureka endpoints via configuration
2022-10-31 00:12:56.105  INFO 23060 --- [AsyncResolver-bootstrap-executor-0] c.n.d.s.r.aws.ConfigClusterResolver      : Resolving eureka endpoints via configuration
2022-10-31 00:17:56.108  INFO 23060 --- [AsyncResolver-bootstrap-executor-0] c.n.d.s.r.aws.ConfigClusterResolver      : Resolving eureka endpoints via configuration
2022-10-31 00:22:56.111  INFO 23060 --- [AsyncResolver-bootstrap-executor-0] c.n.d.s.r.aws.ConfigClusterResolver      : Resolving eureka endpoints via configuration
2022-10-31 00:27:56.123  INFO 23060 --- [AsyncResolver-bootstrap-executor-0] c.n.d.s.r.aws.ConfigClusterResolver      : Resolving eureka endpoints via configuration
2022-10-31 00:32:56.136  INFO 23060 --- [AsyncResolver-bootstrap-executor-0] c.n.d.s.r.aws.ConfigClusterResolver      : Resolving eureka endpoints via configuration
2022-10-31 00:37:56.144  INFO 23060 --- [AsyncResolver-bootstrap-executor-0] c.n.d.s.r.aws.ConfigClusterResolver      : Resolving eureka endpoints via configuration
2022-10-31 00:42:56.155  INFO 23060 --- [AsyncResolver-bootstrap-executor-0] c.n.d.s.r.aws.ConfigClusterResolver      : Resolving eureka endpoints via configuration
2022-10-31 00:47:56.158  INFO 23060 --- [AsyncResolver-bootstrap-executor-0] c.n.d.s.r.aws.ConfigClusterResolver      : Resolving eureka endpoints via configuration
2022-10-31 00:52:56.173  INFO 23060 --- [AsyncResolver-bootstrap-executor-0] c.n.d.s.r.aws.ConfigClusterResolver      : Resolving eureka endpoints via configuration
2022-10-31 00:57:56.189  INFO 23060 --- [AsyncResolver-bootstrap-executor-0] c.n.d.s.r.aws.ConfigClusterResolver      : Resolving eureka endpoints via configuration
2022-10-31 01:02:56.193  INFO 23060 --- [AsyncResolver-bootstrap-executor-0] c.n.d.s.r.aws.ConfigClusterResolver      : Resolving eureka endpoints via configuration
2022-10-31 01:07:56.208  INFO 23060 --- [AsyncResolver-bootstrap-executor-0] c.n.d.s.r.aws.ConfigClusterResolver      : Resolving eureka endpoints via configuration
2022-10-31 01:12:36.074  INFO 23060 --- [http-nio-8193-exec-7] c.d.s.c.DoctorSpecialityRestController   : this method had a call to remove doctor from speciality service
2022-10-31 01:12:36.272  INFO 23060 --- [http-nio-8193-exec-7] c.d.s.service.DoctorSpecialityService    : doctor removed from speciality successfully
2022-10-31 01:12:56.223  INFO 23060 --- [AsyncResolver-bootstrap-executor-0] c.n.d.s.r.aws.ConfigClusterResolver      : Resolving eureka endpoints via configuration
2022-10-31 01:14:00.304  INFO 23060 --- [http-nio-8193-exec-1] c.d.s.c.DoctorSpecialityRestController   : this method had a call to remove doctor from speciality service
2022-10-31 01:16:50.407  INFO 23060 --- [http-nio-8193-exec-2] c.d.s.c.DoctorSpecialityRestController   : this method had a call to remove doctor from speciality service
2022-10-31 01:16:53.387  INFO 23060 --- [http-nio-8193-exec-5] c.d.s.c.DoctorSpecialityRestController   : this method had a call to remove doctor from speciality service
2022-10-31 01:16:57.037  INFO 23060 --- [http-nio-8193-exec-3] c.d.s.c.DoctorSpecialityRestController   : this method had a call to remove doctor from speciality service
2022-10-31 01:17:56.238  INFO 23060 --- [AsyncResolver-bootstrap-executor-0] c.n.d.s.r.aws.ConfigClusterResolver      : Resolving eureka endpoints via configuration
2022-10-31 01:18:18.114  INFO 23060 --- [http-nio-8193-exec-9] c.d.s.c.DoctorSpecialityRestController   : this method had a call to remove doctor from speciality service
2022-10-31 01:19:10.143  INFO 23060 --- [http-nio-8193-exec-4] c.d.s.c.DoctorSpecialityRestController   : this method had a call to remove doctor from speciality service
2022-10-31 01:19:24.965  INFO 23060 --- [http-nio-8193-exec-7] c.d.s.c.DoctorSpecialityRestController   : this method had a call to remove doctor from speciality service
2022-10-31 01:20:28.064  INFO 23060 --- [http-nio-8193-exec-1] c.d.s.c.DoctorSpecialityRestController   : this method had a call to remove doctor from speciality service
2022-10-31 01:20:35.795  INFO 23060 --- [http-nio-8193-exec-8] c.d.s.c.DoctorSpecialityRestController   : this method had a call to remove doctor from speciality service
2022-10-31 01:22:30.780  INFO 23060 --- [http-nio-8193-exec-5] c.d.s.c.DoctorSpecialityRestController   : this method had a call to remove doctor from speciality service
2022-10-31 01:22:56.243  INFO 23060 --- [AsyncResolver-bootstrap-executor-0] c.n.d.s.r.aws.ConfigClusterResolver      : Resolving eureka endpoints via configuration
2022-10-31 01:24:03.094  INFO 23060 --- [http-nio-8193-exec-6] c.d.s.c.DoctorSpecialityRestController   : this method had a call to remove doctor from speciality service
2022-10-31 01:24:12.268  INFO 23060 --- [http-nio-8193-exec-9] c.d.s.c.DoctorSpecialityRestController   : this method had a call to remove doctor from speciality service
2022-10-31 01:24:17.680  INFO 23060 --- [http-nio-8193-exec-4] c.d.s.c.DoctorSpecialityRestController   : this method had a call to remove doctor from speciality service
2022-10-31 01:24:25.920  INFO 23060 --- [http-nio-8193-exec-7] c.d.s.c.DoctorSpecialityRestController   : this method had a call to remove doctor from speciality service
2022-10-31 01:24:57.596  INFO 23060 --- [http-nio-8193-exec-10] c.d.s.c.DoctorSpecialityRestController   : this method had a call to remove doctor from speciality service
2022-10-31 01:25:58.621  INFO 23060 --- [http-nio-8193-exec-8] c.d.s.c.DoctorSpecialityRestController   : this method had a call to remove doctor from speciality service
2022-10-31 01:26:05.722  INFO 23060 --- [http-nio-8193-exec-2] c.d.s.c.DoctorSpecialityRestController   : this method had a call to remove doctor from speciality service
2022-10-31 01:26:41.810  INFO 23060 --- [http-nio-8193-exec-5] c.d.s.c.DoctorSpecialityRestController   : this method had a call to remove doctor from speciality service
2022-10-31 01:27:56.248  INFO 23060 --- [AsyncResolver-bootstrap-executor-0] c.n.d.s.r.aws.ConfigClusterResolver      : Resolving eureka endpoints via configuration
2022-10-31 01:28:38.231  INFO 23060 --- [http-nio-8193-exec-6] c.d.s.c.DoctorSpecialityRestController   : this method had a call to remove doctor from speciality service
2022-10-31 01:31:48.863  INFO 23060 --- [http-nio-8193-exec-4] c.d.s.c.DiagnosticRestController         : this method had a call to delete diagnostic service
2022-10-31 01:31:48.880 ERROR 23060 --- [http-nio-8193-exec-4] c.demo.spring.service.DiagnosticService  : Exception : Diagnostic not found Exception thrown
2022-10-31 01:32:56.262  INFO 23060 --- [AsyncResolver-bootstrap-executor-0] c.n.d.s.r.aws.ConfigClusterResolver      : Resolving eureka endpoints via configuration
2022-10-31 01:35:12.058  INFO 23060 --- [http-nio-8193-exec-10] c.d.s.c.DiagnosticRestController         : this method had a call to delete diagnostic service
2022-10-31 01:35:12.066 ERROR 23060 --- [http-nio-8193-exec-10] c.demo.spring.service.DiagnosticService  : Exception : Diagnostic not found Exception thrown
2022-10-31 01:36:11.321  INFO 23060 --- [http-nio-8193-exec-1] c.d.s.c.DiagnosticRestController         : this method had a call to delete diagnostic service
2022-10-31 01:36:11.332 ERROR 23060 --- [http-nio-8193-exec-1] c.demo.spring.service.DiagnosticService  : Exception : Diagnostic not found Exception thrown
2022-10-31 01:36:16.043  INFO 23060 --- [http-nio-8193-exec-8] c.d.s.c.DiagnosticRestController         : this method had a call to delete diagnostic service
2022-10-31 01:36:16.068  INFO 23060 --- [http-nio-8193-exec-8] c.demo.spring.service.DiagnosticService  :  diagnostic test deleted succefully
2022-10-31 01:37:56.273  INFO 23060 --- [AsyncResolver-bootstrap-executor-0] c.n.d.s.r.aws.ConfigClusterResolver      : Resolving eureka endpoints via configuration
2022-10-31 01:42:56.278  INFO 23060 --- [AsyncResolver-bootstrap-executor-0] c.n.d.s.r.aws.ConfigClusterResolver      : Resolving eureka endpoints via configuration
2022-10-31 01:47:56.290  INFO 23060 --- [AsyncResolver-bootstrap-executor-0] c.n.d.s.r.aws.ConfigClusterResolver      : Resolving eureka endpoints via configuration
2022-10-31 01:52:56.293  INFO 23060 --- [AsyncResolver-bootstrap-executor-0] c.n.d.s.r.aws.ConfigClusterResolver      : Resolving eureka endpoints via configuration
2022-10-31 01:57:56.297  INFO 23060 --- [AsyncResolver-bootstrap-executor-0] c.n.d.s.r.aws.ConfigClusterResolver      : Resolving eureka endpoints via configuration
2022-10-31 02:00:19.436  INFO 23060 --- [http-nio-8193-exec-5] c.d.s.controllers.DoctorRestController   : this method had a call to find doctor service
2022-10-31 02:00:19.447  INFO 23060 --- [http-nio-8193-exec-5] com.demo.spring.service.DoctorService    : doctor details returned succefully for entered Id
2022-10-31 02:02:56.302  INFO 23060 --- [AsyncResolver-bootstrap-executor-0] c.n.d.s.r.aws.ConfigClusterResolver      : Resolving eureka endpoints via configuration
2022-10-31 02:03:25.611  INFO 23060 --- [http-nio-8193-exec-6] c.d.s.controllers.DoctorRestController   : this method had a call to find doctor service
2022-10-31 02:03:25.618 ERROR 23060 --- [http-nio-8193-exec-6] com.demo.spring.service.DoctorService    : Exception : Doctor Not found Exception thrown
2022-10-31 02:04:29.857  INFO 23060 --- [http-nio-8193-exec-4] c.d.s.controllers.DoctorRestController   : this method had a call to find doctor service
2022-10-31 02:04:29.864  INFO 23060 --- [http-nio-8193-exec-4] com.demo.spring.service.DoctorService    : doctor details returned succefully for entered Id
2022-10-31 02:04:40.776  INFO 23060 --- [http-nio-8193-exec-7] c.d.s.controllers.DoctorRestController   : this method had a call to find doctor service
2022-10-31 02:04:40.784  INFO 23060 --- [http-nio-8193-exec-7] com.demo.spring.service.DoctorService    : doctor details returned succefully for entered Id
2022-10-31 02:07:56.311  INFO 23060 --- [AsyncResolver-bootstrap-executor-0] c.n.d.s.r.aws.ConfigClusterResolver      : Resolving eureka endpoints via configuration
2022-10-31 02:12:56.326  INFO 23060 --- [AsyncResolver-bootstrap-executor-0] c.n.d.s.r.aws.ConfigClusterResolver      : Resolving eureka endpoints via configuration
2022-10-31 02:16:53.228  INFO 23060 --- [http-nio-8193-exec-1] c.d.s.c.DiagnosticRestController         : this method had a call to add diagnostic service
2022-10-31 02:16:53.354  INFO 23060 --- [http-nio-8193-exec-1] c.demo.spring.service.DiagnosticService  : new Diagnostic test added succefully
2022-10-31 02:16:56.936  INFO 23060 --- [http-nio-8193-exec-8] c.d.s.c.DiagnosticRestController         : this method had a call to add diagnostic service
2022-10-31 02:16:56.945 ERROR 23060 --- [http-nio-8193-exec-8] c.demo.spring.service.DiagnosticService  : Exception : Diagnostic Exists Exception thrown
2022-10-31 02:17:56.328  INFO 23060 --- [AsyncResolver-bootstrap-executor-0] c.n.d.s.r.aws.ConfigClusterResolver      : Resolving eureka endpoints via configuration
2022-10-31 02:18:06.234  INFO 23060 --- [http-nio-8193-exec-5] c.d.s.c.DiagnosticRestController         : this method had a call to add diagnostic service
2022-10-31 02:18:06.241 ERROR 23060 --- [http-nio-8193-exec-5] c.demo.spring.service.DiagnosticService  : Exception : Diagnostic Exists Exception thrown
2022-10-31 02:22:56.329  INFO 23060 --- [AsyncResolver-bootstrap-executor-0] c.n.d.s.r.aws.ConfigClusterResolver      : Resolving eureka endpoints via configuration
2022-10-31 02:25:04.450  INFO 23060 --- [http-nio-8193-exec-6] c.d.s.c.PatientDiagnosticRestController  : this method had a call to add test to patient service
2022-10-31 02:26:43.010  INFO 23060 --- [http-nio-8193-exec-4] c.d.s.c.PatientDiagnosticRestController  : this method had a call to add test to patient service
2022-10-31 02:26:57.650  INFO 23060 --- [http-nio-8193-exec-7] c.d.s.c.PatientDiagnosticRestController  : this method had a call to add test to patient service
2022-10-31 02:26:57.662 ERROR 23060 --- [http-nio-8193-exec-7] c.d.s.c.PatientDiagnosticRestController  : Exception : Patient Not Found Exception thrown
2022-10-31 02:27:03.125  INFO 23060 --- [http-nio-8193-exec-10] c.d.s.c.PatientDiagnosticRestController  : this method had a call to add test to patient service
2022-10-31 02:27:56.337  INFO 23060 --- [AsyncResolver-bootstrap-executor-0] c.n.d.s.r.aws.ConfigClusterResolver      : Resolving eureka endpoints via configuration
2022-10-31 02:32:34.848  INFO 23060 --- [http-nio-8193-exec-8] c.d.s.c.PatientDiagnosticRestController  : this method had a call to add test to patient service
2022-10-31 02:32:40.142  INFO 23060 --- [http-nio-8193-exec-2] c.d.s.c.PatientDiagnosticRestController  : this method had a call to add test to patient service
2022-10-31 02:32:56.349  INFO 23060 --- [AsyncResolver-bootstrap-executor-0] c.n.d.s.r.aws.ConfigClusterResolver      : Resolving eureka endpoints via configuration
2022-10-31 02:35:17.560  INFO 23060 --- [http-nio-8193-exec-3] c.d.s.c.DoctorSpecialityRestController   : this method had a call to add doctor to speciality service
2022-10-31 02:35:17.590  INFO 23060 --- [http-nio-8193-exec-3] c.d.s.service.DoctorSpecialityService    : Doctor added to speciality succcessfully
2022-10-31 02:35:26.488  INFO 23060 --- [http-nio-8193-exec-6] c.d.s.c.DoctorSpecialityRestController   : this method had a call to add doctor to speciality service
2022-10-31 02:35:26.494 ERROR 23060 --- [http-nio-8193-exec-6] c.d.s.service.DoctorSpecialityService    : Exception : Doctor Not Found Exception thrown
2022-10-31 02:35:32.285  INFO 23060 --- [http-nio-8193-exec-9] c.d.s.c.DoctorSpecialityRestController   : this method had a call to add doctor to speciality service
2022-10-31 02:35:32.296 ERROR 23060 --- [http-nio-8193-exec-9] c.d.s.service.DoctorSpecialityService    : Exception : Speciality Not found Exception thrown
2022-10-31 02:37:56.358  INFO 23060 --- [AsyncResolver-bootstrap-executor-0] c.n.d.s.r.aws.ConfigClusterResolver      : Resolving eureka endpoints via configuration
2022-10-31 02:42:56.365  INFO 23060 --- [AsyncResolver-bootstrap-executor-0] c.n.d.s.r.aws.ConfigClusterResolver      : Resolving eureka endpoints via configuration
2022-10-31 02:45:19.054  INFO 23060 --- [http-nio-8193-exec-8] c.d.s.c.PatientDiagnosticRestController  : this method had a call to add test to patient service
2022-10-31 02:45:26.096  INFO 23060 --- [http-nio-8193-exec-2] c.d.s.c.PatientDiagnosticRestController  : this method had a call to add test to patient service
2022-10-31 02:45:35.078  INFO 23060 --- [http-nio-8193-exec-3] c.d.s.c.PatientDiagnosticRestController  : this method had a call to add test to patient service
2022-10-31 02:45:35.102 ERROR 23060 --- [http-nio-8193-exec-3] c.d.s.c.PatientDiagnosticRestController  : Exception : Patient Not Found Exception thrown
2022-10-31 02:47:56.368  INFO 23060 --- [AsyncResolver-bootstrap-executor-0] c.n.d.s.r.aws.ConfigClusterResolver      : Resolving eureka endpoints via configuration
2022-10-31 02:52:56.374  INFO 23060 --- [AsyncResolver-bootstrap-executor-0] c.n.d.s.r.aws.ConfigClusterResolver      : Resolving eureka endpoints via configuration
2022-10-31 02:57:56.383  INFO 23060 --- [AsyncResolver-bootstrap-executor-0] c.n.d.s.r.aws.ConfigClusterResolver      : Resolving eureka endpoints via configuration
2022-10-31 03:02:56.389  INFO 23060 --- [AsyncResolver-bootstrap-executor-0] c.n.d.s.r.aws.ConfigClusterResolver      : Resolving eureka endpoints via configuration
2022-10-31 03:07:56.398  INFO 23060 --- [AsyncResolver-bootstrap-executor-0] c.n.d.s.r.aws.ConfigClusterResolver      : Resolving eureka endpoints via configuration
