2022-10-31 02:24:26.119  INFO 27548 --- [main] com.demo.spring.AppointmentApplication   : Starting AppointmentApplication using Java 17.0.3 on WKWIN6948332 with PID 27548 (C:\clinic_management\clinic-management\appointment-service\target\classes started by prasd in C:\clinic_management\clinic-management\appointment-service)
2022-10-31 02:24:26.129  INFO 27548 --- [main] com.demo.spring.AppointmentApplication   : No active profile set, falling back to 1 default profile: "default"
2022-10-31 02:24:26.250  INFO 27548 --- [main] o.s.c.c.c.ConfigServerConfigDataLoader   : Fetching config from server at : http://localhost:8888/
2022-10-31 02:24:26.251  INFO 27548 --- [main] o.s.c.c.c.ConfigServerConfigDataLoader   : Located environment: name=appointment-service, profiles=[default], label=null, version=922cc199acec9776497ad9f4bcce23a251ddfcd7, state=null
2022-10-31 02:24:27.857  INFO 27548 --- [main] .s.d.r.c.RepositoryConfigurationDelegate : Bootstrapping Spring Data JPA repositories in DEFAULT mode.
2022-10-31 02:24:28.092  INFO 27548 --- [main] .s.d.r.c.RepositoryConfigurationDelegate : Finished Spring Data repository scanning in 222 ms. Found 1 JPA repository interfaces.
2022-10-31 02:24:28.450  INFO 27548 --- [main] o.s.cloud.context.scope.GenericScope     : BeanFactory id=4908f904-2e7c-3f56-9968-1abcaaf36a23
2022-10-31 02:24:29.127  INFO 27548 --- [main] o.s.b.w.embedded.tomcat.TomcatWebServer  : Tomcat initialized with port(s): 8192 (http)
2022-10-31 02:24:29.154  INFO 27548 --- [main] o.apache.catalina.core.StandardService   : Starting service [Tomcat]
2022-10-31 02:24:29.155  INFO 27548 --- [main] org.apache.catalina.core.StandardEngine  : Starting Servlet engine: [Apache Tomcat/9.0.65]
2022-10-31 02:24:29.454  INFO 27548 --- [main] o.a.c.c.C.[Tomcat].[localhost].[/]       : Initializing Spring embedded WebApplicationContext
2022-10-31 02:24:29.457  INFO 27548 --- [main] w.s.c.ServletWebServerApplicationContext : Root WebApplicationContext: initialization completed in 3203 ms
2022-10-31 02:24:29.992  INFO 27548 --- [main] o.hibernate.jpa.internal.util.LogHelper  : HHH000204: Processing PersistenceUnitInfo [name: default]
2022-10-31 02:24:30.102  INFO 27548 --- [main] org.hibernate.Version                    : HHH000412: Hibernate ORM core version 5.6.11.Final
2022-10-31 02:24:30.358  INFO 27548 --- [main] o.hibernate.annotations.common.Version   : HCANN000001: Hibernate Commons Annotations {5.1.2.Final}
2022-10-31 02:24:30.577  INFO 27548 --- [main] com.zaxxer.hikari.HikariDataSource       : HikariPool-1 - Starting...
2022-10-31 02:24:31.166  INFO 27548 --- [main] com.zaxxer.hikari.HikariDataSource       : HikariPool-1 - Start completed.
2022-10-31 02:24:31.225  INFO 27548 --- [main] org.hibernate.dialect.Dialect            : HHH000400: Using dialect: org.hibernate.dialect.MySQL8Dialect
2022-10-31 02:24:32.367  INFO 27548 --- [main] o.h.e.t.j.p.i.JtaPlatformInitiator       : HHH000490: Using JtaPlatform implementation: [org.hibernate.engine.transaction.jta.platform.internal.NoJtaPlatform]
2022-10-31 02:24:32.377  INFO 27548 --- [main] j.LocalContainerEntityManagerFactoryBean : Initialized JPA EntityManagerFactory for persistence unit 'default'
2022-10-31 02:24:33.483  WARN 27548 --- [main] JpaBaseConfiguration$JpaWebConfiguration : spring.jpa.open-in-view is enabled by default. Therefore, database queries may be performed during view rendering. Explicitly configure spring.jpa.open-in-view to disable this warning
2022-10-31 02:24:36.875  INFO 27548 --- [main] DiscoveryClientOptionalArgsConfiguration : Eureka HTTP Client uses RestTemplate.
2022-10-31 02:24:36.979  WARN 27548 --- [main] iguration$LoadBalancerCaffeineWarnLogger : Spring Cloud LoadBalancer is currently working with the default cache. While this cache implementation is useful for development and tests, it's recommended to use Caffeine cache in production.You can switch to using Caffeine cache, by adding it and org.springframework.cache.caffeine.CaffeineCacheManager to the classpath.
2022-10-31 02:24:36.990  INFO 27548 --- [main] o.s.b.a.e.web.EndpointLinksResolver      : Exposing 2 endpoint(s) beneath base path '/actuator'
2022-10-31 02:24:37.168  INFO 27548 --- [main] o.s.c.n.eureka.InstanceInfoFactory       : Setting initial instance status as: STARTING
2022-10-31 02:24:37.246  INFO 27548 --- [main] com.netflix.discovery.DiscoveryClient    : Initializing Eureka in region us-east-1
2022-10-31 02:24:37.254  INFO 27548 --- [main] c.n.d.s.r.aws.ConfigClusterResolver      : Resolving eureka endpoints via configuration
2022-10-31 02:24:37.308  INFO 27548 --- [main] com.netflix.discovery.DiscoveryClient    : Disable delta property : false
2022-10-31 02:24:37.308  INFO 27548 --- [main] com.netflix.discovery.DiscoveryClient    : Single vip registry refresh property : null
2022-10-31 02:24:37.309  INFO 27548 --- [main] com.netflix.discovery.DiscoveryClient    : Force full registry fetch : false
2022-10-31 02:24:37.309  INFO 27548 --- [main] com.netflix.discovery.DiscoveryClient    : Application is null : false
2022-10-31 02:24:37.309  INFO 27548 --- [main] com.netflix.discovery.DiscoveryClient    : Registered Applications size is zero : true
2022-10-31 02:24:37.309  INFO 27548 --- [main] com.netflix.discovery.DiscoveryClient    : Application version is -1: true
2022-10-31 02:24:37.309  INFO 27548 --- [main] com.netflix.discovery.DiscoveryClient    : Getting all instance registry info from the eureka server
2022-10-31 02:24:37.474  INFO 27548 --- [main] com.netflix.discovery.DiscoveryClient    : The response status is 200
2022-10-31 02:24:37.482  INFO 27548 --- [main] com.netflix.discovery.DiscoveryClient    : Starting heartbeat executor: renew interval is: 30
2022-10-31 02:24:37.495  INFO 27548 --- [main] c.n.discovery.InstanceInfoReplicator     : InstanceInfoReplicator onDemand update allowed rate per min is 4
2022-10-31 02:24:37.531  INFO 27548 --- [main] com.netflix.discovery.DiscoveryClient    : Discovery Client initialized at timestamp 1667163277529 with initial instances count: 2
2022-10-31 02:24:37.534  INFO 27548 --- [main] o.s.c.n.e.s.EurekaServiceRegistry        : Registering application APPOINTMENT-SERVICE with eureka with status UP
2022-10-31 02:24:37.535  INFO 27548 --- [main] com.netflix.discovery.DiscoveryClient    : Saw local status change event StatusChangeEvent [timestamp=1667163277535, current=UP, previous=STARTING]
2022-10-31 02:24:37.540  INFO 27548 --- [DiscoveryClient-InstanceInfoReplicator-0] com.netflix.discovery.DiscoveryClient    : DiscoveryClient_APPOINTMENT-SERVICE/host.docker.internal:appointment-service:8192: registering service...
2022-10-31 02:24:37.605  INFO 27548 --- [main] o.s.b.w.embedded.tomcat.TomcatWebServer  : Tomcat started on port(s): 8192 (http) with context path ''
2022-10-31 02:24:37.606  INFO 27548 --- [main] .s.c.n.e.s.EurekaAutoServiceRegistration : Updating port to 8192
2022-10-31 02:24:37.620  INFO 27548 --- [DiscoveryClient-InstanceInfoReplicator-0] com.netflix.discovery.DiscoveryClient    : DiscoveryClient_APPOINTMENT-SERVICE/host.docker.internal:appointment-service:8192 - registration status: 204
2022-10-31 02:24:37.941  INFO 27548 --- [main] com.demo.spring.AppointmentApplication   : Started AppointmentApplication in 13.751 seconds (JVM running for 14.962)
2022-10-31 02:24:38.675  INFO 27548 --- [RMI TCP Connection(3)-127.0.0.1] o.a.c.c.C.[Tomcat].[localhost].[/]       : Initializing Spring DispatcherServlet 'dispatcherServlet'
2022-10-31 02:24:38.676  INFO 27548 --- [RMI TCP Connection(3)-127.0.0.1] o.s.web.servlet.DispatcherServlet        : Initializing Servlet 'dispatcherServlet'
2022-10-31 02:24:38.684  INFO 27548 --- [RMI TCP Connection(3)-127.0.0.1] o.s.web.servlet.DispatcherServlet        : Completed initialization in 8 ms
2022-10-31 02:29:37.326  INFO 27548 --- [AsyncResolver-bootstrap-executor-0] c.n.d.s.r.aws.ConfigClusterResolver      : Resolving eureka endpoints via configuration
2022-10-31 02:34:37.341  INFO 27548 --- [AsyncResolver-bootstrap-executor-0] c.n.d.s.r.aws.ConfigClusterResolver      : Resolving eureka endpoints via configuration
2022-10-31 02:39:37.351  INFO 27548 --- [AsyncResolver-bootstrap-executor-0] c.n.d.s.r.aws.ConfigClusterResolver      : Resolving eureka endpoints via configuration
2022-10-31 02:44:37.359  INFO 27548 --- [AsyncResolver-bootstrap-executor-0] c.n.d.s.r.aws.ConfigClusterResolver      : Resolving eureka endpoints via configuration
2022-10-31 02:49:37.373  INFO 27548 --- [AsyncResolver-bootstrap-executor-0] c.n.d.s.r.aws.ConfigClusterResolver      : Resolving eureka endpoints via configuration
2022-10-31 02:54:37.378  INFO 27548 --- [AsyncResolver-bootstrap-executor-0] c.n.d.s.r.aws.ConfigClusterResolver      : Resolving eureka endpoints via configuration
2022-10-31 02:59:37.385  INFO 27548 --- [AsyncResolver-bootstrap-executor-0] c.n.d.s.r.aws.ConfigClusterResolver      : Resolving eureka endpoints via configuration
2022-10-31 03:04:37.391  INFO 27548 --- [AsyncResolver-bootstrap-executor-0] c.n.d.s.r.aws.ConfigClusterResolver      : Resolving eureka endpoints via configuration
